<?xml version="1.0" encoding="UTF-8"?>
<testng-results ignored="0" total="1" passed="1" failed="0" skipped="0">
  <reporter-output>
  </reporter-output>
  <suite started-at="2021-02-24T17:59:52 IST" name="Suite" finished-at="2021-02-24T18:01:59 IST" duration-ms="127279">
    <groups>
    </groups>
    <test started-at="2021-02-24T17:59:52 IST" name="Test" finished-at="2021-02-24T18:01:59 IST" duration-ms="127279">
      <class name="com.zestmoney.tests.PriceComparision">
        <test-method is-config="true" signature="setup()[pri:0, instance:com.zestmoney.tests.PriceComparision@561b6512]" started-at="2021-02-24T17:59:52 IST" name="setup" finished-at="2021-02-24T18:00:15 IST" duration-ms="22727" status="PASS">
          <reporter-output>
          </reporter-output>
        </test-method> <!-- setup -->
        <test-method signature="doPriceComparision()[pri:0, instance:com.zestmoney.tests.PriceComparision@561b6512]" started-at="2021-02-24T18:00:15 IST" name="doPriceComparision" finished-at="2021-02-24T18:01:47 IST" duration-ms="92367" status="PASS">
          <reporter-output>
          </reporter-output>
        </test-method> <!-- doPriceComparision -->
        <test-method is-config="true" signature="tearDown()[pri:0, instance:com.zestmoney.tests.PriceComparision@561b6512]" started-at="2021-02-24T18:01:47 IST" name="tearDown" finished-at="2021-02-24T18:01:59 IST" duration-ms="11966" status="PASS">
          <reporter-output>
          </reporter-output>
        </test-method> <!-- tearDown -->
      </class> <!-- com.zestmoney.tests.PriceComparision -->
    </test> <!-- Test -->
  </suite> <!-- Suite -->
</testng-results>
