<?xml version="1.0" encoding="UTF-8"?>
<testng-results ignored="0" total="1" passed="1" failed="0" skipped="0">
  <reporter-output>
  </reporter-output>
  <suite started-at="2021-02-24T17:28:20 IST" name="Suite" finished-at="2021-02-24T17:29:49 IST" duration-ms="89423">
    <groups>
    </groups>
    <test started-at="2021-02-24T17:28:20 IST" name="Test" finished-at="2021-02-24T17:29:49 IST" duration-ms="89423">
      <class name="com.zestmoney.tests.PriceComparision">
        <test-method is-config="true" signature="setup()[pri:0, instance:com.zestmoney.tests.PriceComparision@1677d1]" started-at="2021-02-24T17:28:20 IST" name="setup" finished-at="2021-02-24T17:28:28 IST" duration-ms="8093" status="PASS">
          <reporter-output>
          </reporter-output>
        </test-method> <!-- setup -->
        <test-method signature="doPriceComparision()[pri:0, instance:com.zestmoney.tests.PriceComparision@1677d1]" started-at="2021-02-24T17:28:28 IST" name="doPriceComparision" finished-at="2021-02-24T17:29:31 IST" duration-ms="63065" status="PASS">
          <reporter-output>
          </reporter-output>
        </test-method> <!-- doPriceComparision -->
        <test-method is-config="true" signature="tearDown()[pri:0, instance:com.zestmoney.tests.PriceComparision@1677d1]" started-at="2021-02-24T17:29:31 IST" name="tearDown" finished-at="2021-02-24T17:29:49 IST" duration-ms="18098" status="PASS">
          <reporter-output>
          </reporter-output>
        </test-method> <!-- tearDown -->
      </class> <!-- com.zestmoney.tests.PriceComparision -->
    </test> <!-- Test -->
  </suite> <!-- Suite -->
</testng-results>
